<?xml version="1.0" encoding="UTF-8"?>
<!-- Generated by org.testng.reporters.JUnitReportReporter -->
<testsuite hostname="DESKTOP-J61BDUF" failures="0" tests="1" name="com.telemarketing.test.NavigationTest" time="5.260" errors="0" timestamp="2022-07-04T11:57:39 ICT" skipped="0">
  <testcase classname="com.telemarketing.test.NavigationTest" name="test_show_login_page" time="5.260"/>
  <system-out/>
</testsuite> <!-- com.telemarketing.test.NavigationTest -->
