<?xml version="1.0" encoding="UTF-8"?>
<!-- Generated by org.testng.reporters.JUnitReportReporter -->
<testsuite hostname="DESKTOP-0MGR9KI" failures="0" tests="1" name="com.telemarketing.test.Test" time="1.989" errors="0" timestamp="2022-06-30T00:19:50 ICT" skipped="0">
  <testcase classname="com.telemarketing.test.Test" name="test_show_login_page" time="1.989"/>
  <system-out/>
</testsuite> <!-- com.telemarketing.test.Test -->
